Build started 2013-05-01 21:48:23.
     1>Project "C:\cpp\SteenGraph\SteenGraph\SteenGraph.vcxproj" on node 2 (build target(s)).
     1>InitializeBuildStatus:
         Touching "Release\SteenGraph.unsuccessfulbuild".
       ClCompile:
         All outputs are up-to-date.
       Link:
         c:\Program Files (x86)\Microsoft Visual Studio 10.0\VC\bin\link.exe /ERRORREPORT:PROMPT /OUT:"C:\cpp\SteenGraph\Release\SteenGraph.exe" /NOLOGO kernel32.lib user32.lib gdi32.lib winspool.lib comdlg32.lib advapi32.lib shell32.lib ole32.lib oleaut32.lib uuid.lib odbc32.lib odbccp32.lib /MANIFEST /ManifestFile:"Release\SteenGraph.exe.intermediate.manifest" /MANIFESTUAC:"level='asInvoker' uiAccess='false'" /DEBUG /PDB:"C:\cpp\SteenGraph\Release\SteenGraph.pdb" /OPT:REF /OPT:ICF /LTCG /TLBID:1 /DYNAMICBASE /NXCOMPAT /IMPLIB:"C:\cpp\SteenGraph\Release\SteenGraph.lib" /MACHINE:X86 Release\IndexBufferObject.obj
         Release\main.obj
         Release\Mesh.obj
         Release\Vector3.obj
         Release\Vertex3.obj
         Release\VertexBufferObject.obj
     1>main.obj : error LNK2001: unresolved external symbol _glfwInit
     1>main.obj : error LNK2001: unresolved external symbol _glfwGetKey
     1>main.obj : error LNK2001: unresolved external symbol _glfwOpenWindow
     1>main.obj : error LNK2001: unresolved external symbol _glfwSwapBuffers
     1>main.obj : error LNK2001: unresolved external symbol _glfwGetTime
     1>main.obj : error LNK2001: unresolved external symbol _glfwTerminate
     1>main.obj : error LNK2001: unresolved external symbol _glfwSetWindowTitle
     1>C:\cpp\SteenGraph\Release\SteenGraph.exe : fatal error LNK1120: 7 unresolved externals
     1>Done Building Project "C:\cpp\SteenGraph\SteenGraph\SteenGraph.vcxproj" (build target(s)) -- FAILED.

Build FAILED.

Time Elapsed 00:00:00.99
