Build started 2013-05-01 21:22:46.
     1>Project "C:\cpp\SteenGraph\SteenGraph\SteenGraph.vcxproj" on node 2 (build target(s)).
     1>InitializeBuildStatus:
         Creating "Debug\SteenGraph.unsuccessfulbuild" because "AlwaysCreate" was specified.
       ClCompile:
         c:\Program Files (x86)\Microsoft Visual Studio 10.0\VC\bin\CL.exe /c /ZI /nologo /W3 /WX- /Od /Oy- /D _MBCS /Gm /EHsc /RTC1 /MDd /GS /fp:precise /Zc:wchar_t /Zc:forScope /Fo"Debug\\" /Fd"Debug\vc100.pdb" /Gd /TP /analyze- /errorReport:prompt IndexBufferObject.cpp main.cpp VertexBufferObject.cpp
         VertexBufferObject.cpp
         main.cpp
     1>c:\cpp\steengraph\steengraph\main.cpp(22): warning C4305: 'initializing' : truncation from 'double' to 'const float'
     1>c:\cpp\steengraph\steengraph\main.cpp(66): warning C4996: 'fopen': This function or variable may be unsafe. Consider using fopen_s instead. To disable deprecation, use _CRT_SECURE_NO_WARNINGS. See online help for details.
                 c:\program files (x86)\microsoft visual studio 10.0\vc\include\stdio.h(234) : see declaration of 'fopen'
     1>c:\cpp\steengraph\steengraph\main.cpp(300): warning C4244: '+=' : conversion from 'double' to 'float', possible loss of data
     1>c:\cpp\steengraph\steengraph\main.cpp(302): warning C4244: '-=' : conversion from 'double' to 'float', possible loss of data
     1>c:\cpp\steengraph\steengraph\main.cpp(304): warning C4244: '+=' : conversion from 'double' to 'float', possible loss of data
     1>c:\cpp\steengraph\steengraph\main.cpp(355): warning C4244: 'argument' : conversion from 'double' to 'GLfloat', possible loss of data
     1>c:\cpp\steengraph\steengraph\main.cpp(355): warning C4244: 'argument' : conversion from 'double' to 'GLfloat', possible loss of data
     1>c:\cpp\steengraph\steengraph\main.cpp(355): warning C4244: 'argument' : conversion from 'double' to 'GLfloat', possible loss of data
     1>c:\cpp\steengraph\steengraph\main.cpp(357): warning C4244: 'argument' : conversion from 'double' to 'GLfloat', possible loss of data
     1>c:\cpp\steengraph\steengraph\main.cpp(357): warning C4244: 'argument' : conversion from 'double' to 'GLfloat', possible loss of data
     1>c:\cpp\steengraph\steengraph\main.cpp(357): warning C4244: 'argument' : conversion from 'double' to 'GLfloat', possible loss of data
     1>c:\cpp\steengraph\steengraph\main.cpp(359): warning C4244: 'argument' : conversion from 'double' to 'GLfloat', possible loss of data
     1>c:\cpp\steengraph\steengraph\main.cpp(359): warning C4244: 'argument' : conversion from 'double' to 'GLfloat', possible loss of data
     1>c:\cpp\steengraph\steengraph\main.cpp(359): warning C4244: 'argument' : conversion from 'double' to 'GLfloat', possible loss of data
     1>c:\cpp\steengraph\steengraph\main.cpp(379): warning C4244: 'argument' : conversion from 'double' to 'GLfloat', possible loss of data
     1>c:\cpp\steengraph\steengraph\main.cpp(381): warning C4305: '+=' : truncation from 'double' to 'float'
     1>c:\cpp\steengraph\steengraph\main.cpp(382): warning C4305: '-=' : truncation from 'double' to 'float'
     1>c:\cpp\steengraph\steengraph\main.cpp(383): warning C4305: 'argument' : truncation from 'double' to 'float'
         IndexBufferObject.cpp
         Generating Code...
       Link:
         c:\Program Files (x86)\Microsoft Visual Studio 10.0\VC\bin\link.exe /ERRORREPORT:PROMPT /OUT:"C:\cpp\SteenGraph\Debug\SteenGraph.exe" /NOLOGO kernel32.lib user32.lib gdi32.lib winspool.lib comdlg32.lib advapi32.lib shell32.lib ole32.lib oleaut32.lib uuid.lib odbc32.lib odbccp32.lib kernel32.lib user32.lib gdi32.lib winspool.lib comdlg32.lib advapi32.lib shell32.lib ole32.lib oleaut32.lib uuid.lib odbc32.lib odbccp32.lib GLFW.lib opengl32.lib kernel32.lib user32.lib glu32.lib /MANIFEST /ManifestFile:"Debug\SteenGraph.exe.intermediate.manifest" /MANIFESTUAC:"level='asInvoker' uiAccess='false'" /DEBUG /PDB:"C:\cpp\SteenGraph\Debug\SteenGraph.pdb" /TLBID:1 /DYNAMICBASE /NXCOMPAT /IMPLIB:"C:\cpp\SteenGraph\Debug\SteenGraph.lib" /MACHINE:X86 Debug\IndexBufferObject.obj
         Debug\main.obj
         Debug\Mesh.obj
         Debug\Vector3.obj
         Debug\Vertex3.obj
         Debug\VertexBufferObject.obj
         LINK : C:\cpp\SteenGraph\Debug\SteenGraph.exe not found or not built by the last incremental link; performing full link
     1>LINK : warning LNK4098: defaultlib 'MSVCRT' conflicts with use of other libs; use /NODEFAULTLIB:library
         SteenGraph.vcxproj -> C:\cpp\SteenGraph\Debug\SteenGraph.exe
       Manifest:
         C:\Program Files (x86)\Microsoft SDKs\Windows\v7.0A\bin\mt.exe /nologo /verbose /outputresource:"C:\cpp\SteenGraph\Debug\SteenGraph.exe;#1" /manifest Debug\SteenGraph.exe.intermediate.manifest
       FinalizeBuildStatus:
         Deleting file "Debug\SteenGraph.unsuccessfulbuild".
         Touching "Debug\SteenGraph.lastbuildstate".
     1>Done Building Project "C:\cpp\SteenGraph\SteenGraph\SteenGraph.vcxproj" (build target(s)).

Build succeeded.

Time Elapsed 00:00:01.88
